<?xml version="1.0" encoding="UTF-8"?>
<!-- Generated by org.testng.reporters.JUnitReportReporter -->
<testsuite hostname="DESKTOP-OF337GC" failures="0" tests="1" name="Omnitracs.SeleniumEasyDemo.DatePickerDemoTest" time="10.459" errors="0" timestamp="2022-03-17T16:12:35 IST" skipped="0">
  <testcase classname="Omnitracs.SeleniumEasyDemo.DatePickerDemoTest" name="BootstrapDatePicker" time="10.459"/>
  <system-out/>
</testsuite> <!-- Omnitracs.SeleniumEasyDemo.DatePickerDemoTest -->
