<?xml version="1.0" encoding="UTF-8"?>
<!-- Generated by org.testng.reporters.JUnitReportReporter -->
<testsuite hostname="DESKTOP-OF337GC" failures="0" tests="5" name="Omnitracs.SeleniumEasyDemo.InputFormDemoTest" time="15.756" errors="0" timestamp="2022-03-17T16:12:35 IST" skipped="0">
  <testcase classname="Omnitracs.SeleniumEasyDemo.InputFormDemoTest" name="checkBoxDemo" time="2.511"/>
  <system-out/>
  <testcase classname="Omnitracs.SeleniumEasyDemo.InputFormDemoTest" name="radioButtonDemo" time="2.195"/>
  <system-out/>
  <testcase classname="Omnitracs.SeleniumEasyDemo.InputFormDemoTest" name="dropDownDemo" time="2.394"/>
  <system-out/>
  <testcase classname="Omnitracs.SeleniumEasyDemo.InputFormDemoTest" name="inputFormDemo" time="5.958"/>
  <system-out/>
  <testcase classname="Omnitracs.SeleniumEasyDemo.InputFormDemoTest" name="sampleInputFormDemo" time="2.698"/>
  <system-out/>
</testsuite> <!-- Omnitracs.SeleniumEasyDemo.InputFormDemoTest -->
