<?xml version="1.0" encoding="UTF-8"?>
<!-- Generated by org.testng.reporters.JUnitReportReporter -->
<testsuite hostname="DESKTOP-OF337GC" failures="0" tests="1" name="Omnitracs.SeleniumEasyDemo.AlertsDemoTest" time="13.863" errors="0" timestamp="2022-03-17T16:12:35 IST" skipped="0">
  <testcase classname="Omnitracs.SeleniumEasyDemo.AlertsDemoTest" name="javaScriptAlertDemo" time="13.863"/>
  <system-out/>
</testsuite> <!-- Omnitracs.SeleniumEasyDemo.AlertsDemoTest -->
